<?xml version="1.0" encoding="UTF-8"?>
<testng-results ignored="0" total="1" passed="1" failed="0" skipped="0">
  <reporter-output>
    <line>
      <![CDATA[open-Brouser]]>
    </line>
    <line>
      <![CDATA[login]]>
    </line>
    <line>
      <![CDATA[HDFC_001]]>
    </line>
    <line>
      <![CDATA[Banking Project]]>
    </line>
    <line>
      <![CDATA[logout]]>
    </line>
    <line>
      <![CDATA[close-Browser]]>
    </line>
  </reporter-output>
  <suite started-at="2022-08-27T00:59:56 IST" name="Default suite" finished-at="2022-08-27T01:00:30 IST" duration-ms="34101">
    <groups>
    </groups>
    <test started-at="2022-08-27T00:59:56 IST" name="Default test" finished-at="2022-08-27T01:00:30 IST" duration-ms="34101">
      <class name="com.actitme.testscript.CreateCustomer">
        <test-method is-config="true" signature="openBrowser()[pri:0, instance:com.actitme.testscript.CreateCustomer@15c43bd9]" started-at="2022-08-27T00:59:56 IST" name="openBrowser" finished-at="2022-08-27T00:59:57 IST" duration-ms="1430" status="PASS">
          <reporter-output>
            <line>
              <![CDATA[open-Brouser]]>
            </line>
          </reporter-output>
        </test-method> <!-- openBrowser -->
        <test-method is-config="true" signature="login()[pri:0, instance:com.actitme.testscript.CreateCustomer@15c43bd9]" started-at="2022-08-27T00:59:57 IST" name="login" finished-at="2022-08-27T01:00:02 IST" duration-ms="5316" status="PASS">
          <reporter-output>
            <line>
              <![CDATA[login]]>
            </line>
          </reporter-output>
        </test-method> <!-- login -->
        <test-method signature="testCreateCustomer()[pri:0, instance:com.actitme.testscript.CreateCustomer@15c43bd9]" started-at="2022-08-27T01:00:02 IST" name="testCreateCustomer" finished-at="2022-08-27T01:00:28 IST" duration-ms="25583" status="PASS">
          <reporter-output>
            <line>
              <![CDATA[HDFC_001]]>
            </line>
            <line>
              <![CDATA[Banking Project]]>
            </line>
          </reporter-output>
        </test-method> <!-- testCreateCustomer -->
        <test-method is-config="true" signature="logout()[pri:0, instance:com.actitme.testscript.CreateCustomer@15c43bd9]" started-at="2022-08-27T01:00:28 IST" name="logout" finished-at="2022-08-27T01:00:30 IST" duration-ms="1656" status="PASS">
          <reporter-output>
            <line>
              <![CDATA[logout]]>
            </line>
          </reporter-output>
        </test-method> <!-- logout -->
        <test-method is-config="true" signature="closeBrowser()[pri:0, instance:com.actitme.testscript.CreateCustomer@15c43bd9]" started-at="2022-08-27T01:00:30 IST" name="closeBrowser" finished-at="2022-08-27T01:00:30 IST" duration-ms="89" status="PASS">
          <reporter-output>
            <line>
              <![CDATA[close-Browser]]>
            </line>
          </reporter-output>
        </test-method> <!-- closeBrowser -->
      </class> <!-- com.actitme.testscript.CreateCustomer -->
    </test> <!-- Default test -->
  </suite> <!-- Default suite -->
</testng-results>
